   -2.788466829116698e-02    2.955752426275500e-01   -4.822250581173985e-01
   -1.361260722011880e+00   -2.241945451608411e-01   -5.069372034459202e-01
   -1.082429251875039e-02   -6.939673608651867e-01   -9.255821023274351e-02
    5.061863562161172e-01    5.519508534559497e-01    2.722861790270717e-01
    3.253812393242562e-01    1.289807003129412e+00    1.091741087398043e+00
    1.461965729861900e+00    1.040355246652056e+00   -4.388370192437260e-01
    3.681853314930642e-01    1.358071725953508e+00   -2.700050828495511e+00
    1.358788659865106e-01   -3.517039603105298e-01    1.724898340663424e+00
   -2.774713138049399e-01   -6.433957404008618e-01    1.400083901843539e+00
   -4.535140195792472e-01    9.344236193983643e-02   -6.880060410885899e-01
    7.121704122120583e-01   -1.273340899359297e+00   -7.953138327984898e-01
   -5.875313976710593e-01   -9.647535891444595e-02    1.092712166270724e+00
    2.172853996425315e+00    8.973766976484546e-01    1.873106005153170e+00
   -5.747146109050071e-01   -7.704930490365735e-01    3.863698106121134e-02
    3.055635592037881e-01    4.111658919740606e-03    6.274880790324123e-01
   -1.297024438088691e-01    1.299957001098880e-01   -1.437227842846402e+00
   -2.409776845877921e-01    8.783322387823352e-01   -6.573521856356550e-02
    3.613497516209329e-01    3.178536707052478e-01   -1.627259231000035e-01
   -7.206713655894553e-01   -5.015111154428235e-01    5.992921303819727e-02
   -1.067715162342345e-01   -1.390295958629361e-01   -4.592586434273808e-01
    1.055891205936119e+00    1.527721995004901e-01    1.816707851848117e+00
    7.019202610546792e-01   -8.692960327974072e-01   -6.428585625081150e-01
   -3.266196945613181e-01   -8.017831033578625e-01   -2.761011100201695e-01
   -5.007583597605979e-01   -8.946832603326550e-01   -1.240542290249357e+00
    4.207210144097054e-01   -1.545427758108687e+00    3.499394657573214e+00
   -9.994117412026282e-02   -1.382193285833906e+00   -9.331971979527561e-01
   -6.118648746913230e-01    2.416676204789568e+00    1.748507046313197e-01
   -9.362689355319297e-01   -6.161312049737683e-01    5.123435878367336e-01
    6.983915468746865e-01    2.356170380005130e-01   -5.443003750233738e-01
   -4.585766890948569e-01    1.171529704221973e-01   -3.167024827389806e-01
   -1.130393668319340e-02   -4.880933648458234e-01    4.467645012946040e-01
    6.766783496433938e-01   -3.161679393163434e-01    7.653551125140102e-01
    2.132597168976510e-01   -5.298166459909192e-01   -1.776100820689290e-01
    1.018809010654136e+00    2.943224828828264e+00   -1.145586130657682e+00
    3.224655589157784e-01    9.086565786489734e-01    7.340781712145718e-01
   -1.685478040879523e-01   -2.131897289167952e+00    1.847891452273837e+00
    1.618417110983972e-02    3.163394849885393e+00    2.131184580287448e+00
    4.363168975407327e-01   -1.057482397666684e-01   -1.388314125576505e+00
   -2.196357050841605e-01   -1.439097559562436e-01   -4.478647089390843e-01
    2.897586127812112e-01   -6.625852769723645e-01   -3.215564465909093e-01
   -1.591844270557717e+00    2.748019510397204e-01   -7.159550166516392e-01
    1.122757484584495e+00   -1.253102738272261e+00   -2.529897687473783e+00
    8.915174504811013e-01    5.379673653730640e-01    1.138270142039767e+00
    3.977558216149056e-01    9.328873568662891e-01    5.513790273280056e-01
    1.126974870830223e+00   -4.589755074293525e-02    9.021063470454128e-01
   -3.194327751105582e-01    6.262439900526294e-01   -4.627413726239293e-01
   -9.340688088839805e-01    5.556869321951160e-01    2.920762684058260e-02
   -1.123100827068642e+00    1.150213997949053e+00   -2.068468010811894e-01
   -2.633879879420554e-01   -4.119501596799603e-01    7.977750920863064e-01
    1.677990367084190e+00   -1.175232607733320e+00   -2.885053730397313e-01
    8.404189106766824e-02    7.324967795500049e-01    2.101908796639354e-01
   -2.745549479430472e-01   -2.788769191613904e-01    4.170214855284602e-01
   -5.348959067767417e-01    3.899860197195300e-01    1.033203246554843e+00
    5.658675488774424e-02    5.187605434545765e-01    2.079826455425333e-02
   -1.318181941837624e+00   -3.939596177251251e-02    1.228462183089168e-01
   -9.019751051371848e-01   -1.416295844923567e+00   -2.180736300983915e+00
    5.939151546055520e-01    1.323713343728472e+00    1.876336815318576e+00
    6.690251728588784e-01    3.647493584840386e-02   -4.357775724320500e-01
   -1.455707499688422e-01   -1.597047168623518e+00    4.166269027800472e-01
   -1.309313843578652e+00    1.104723852265764e+00   -2.154314277210721e+00
   -7.975197533076560e-01   -1.391690111270657e-01    7.998805069537075e-01
   -2.334386208956992e-01   -1.198007574787846e-01    7.403328504275393e-02
   -8.202687600558555e-01   -6.197028220803649e-02    6.601780080408962e-01
    2.619791795879050e+00    2.362497562059650e-01    1.291841747722140e+00
    1.099031692439759e-01    7.523173504957447e-01    4.203092168878626e-02
   -1.020151400869643e-01   -1.952686941734067e-01    2.582819187254817e-01
   -3.405017057364738e-01    1.473960440743852e+00    1.375418188533297e+00
    1.190824186498368e-01   -1.197219569098066e+00   -6.066402769475071e-01
    9.564188024098123e-01    6.550791078695545e-01   -4.404965317635625e-01
   -1.175111244053200e+00   -2.724996644865584e+00   -4.110516068974027e+00
   -1.084141382878577e-01   -2.343433535209409e-01   -4.637046134858220e-01
   -9.117727378314292e-01   -1.592045611253491e-01   -6.167396879582493e-01
    3.550724443738108e-02    1.541630142816791e-01    9.685482406229885e-01
    3.798931142384255e-01   -8.806277698388806e-01    4.773892187685878e-01
   -7.863080004161155e-01    1.329253237832476e+00    9.019996547312649e-01
   -8.274987438624656e-01   -1.851583082090925e+00    1.792604448756686e+00
    8.643064400250161e-01   -2.541978246083966e-01    9.422666814040255e-02
    2.465955069357598e-01   -1.357039172064375e+00    1.248976113757601e+00
   -1.378076980442360e+00   -2.031882364164900e+00    9.568241858096035e-01
   -2.077800730174338e-01    9.303734713682422e-01   -1.780785796680936e+00
    1.473705341487571e+00   -8.127911871782055e-01   -9.700616574673740e-01
   -4.755912521785056e-01    9.128656798490772e-01    5.645293616862209e-01
    8.597277900273049e-01    1.760148519167194e-01   -9.351061559109776e-01
   -4.003672698443687e-01    2.501221114286670e-01   -2.090714401393025e-01
   -4.910844753116921e+00   -2.932223874937605e+00    3.298828923315913e-01
    5.323684116894448e-01   -1.028078276526045e+00    7.033135318369778e-01
    3.218545815045083e-01   -6.181717103830090e-01    1.284602286777011e+00
    3.002608348994895e+00    5.525623720277239e+00    1.532425644359103e+00
    2.752374908024514e-01    1.072594922173906e+00   -1.602050182857999e+00
    1.693838169246360e+00   -1.977580225578061e-01    1.148549320659152e+00
   -1.862770984501198e+00    3.541424387583026e-01   -1.144079682865629e+00
   -3.056559959357535e-01   -1.535527891031018e-01    1.145173260183246e-01
    3.874694904381478e-01   -3.442068582883588e-01    3.547912263483913e-01
    1.330682327418968e+00    4.091564232000598e-01    2.622053050608547e-01
   -6.441810825770652e-01   -2.436539864650479e-01   -5.057471272984037e+00
    7.373449107701028e-01   -1.998575365653744e-01   -6.555685911465574e-02
    5.486716529423440e-01    8.430928403028736e-01   -2.014399594454854e-01
    2.726544937187875e-01    1.794447117933521e-01   -2.897169566540806e-01
   -3.435135880416190e-01    4.817085081228503e-01   -5.009273863225071e-01
   -3.754697540705955e-01   -1.537273604284834e+00   -5.392940020947544e-01
    8.926922580296243e-01    6.201835089811573e-01   -3.445345437913029e-01
   -9.543720129187461e-02    6.941755502312272e-02    5.125759863467129e-01
   -1.160905311436013e+00    1.090170258173236e-01    4.016646766276271e-01
    6.208446007911806e-02   -3.066648429742566e-01   -5.751751041798679e-01
   -5.591010549968040e-01   -4.962039476743451e-01   -7.803096747784702e-01
    5.249282023007119e-01   -7.257108277192822e-01    8.633335256190212e-01
   -1.126231978267983e+00   -4.641835874429456e-01    3.209655010313899e-01
   -5.779184797709739e-01    1.154173057664324e+00   -1.488842723408231e+00
