   6.009427e-02   6.477595e+02   0.000000e+00   0.000000e+00
   6.001042e-02   5.826103e+02   0.000000e+00   0.000000e+00
   5.998901e-02   5.697413e+02   0.000000e+00   0.000000e+00
   6.007936e-02   5.089405e+02   0.000000e+00   0.000000e+00
   6.000486e-02   5.127241e+02   0.000000e+00   0.000000e+00
   6.012802e-02   5.157363e+02   0.000000e+00   0.000000e+00
   6.009279e-02   5.226088e+02   0.000000e+00   0.000000e+00
   6.001666e-02   5.135124e+02   0.000000e+00   0.000000e+00
   6.003602e-02   4.846814e+02   0.000000e+00   0.000000e+00
   5.999121e-02   4.306379e+02   0.000000e+00   0.000000e+00
   5.998887e-02   4.359732e+02   0.000000e+00   0.000000e+00
   6.002927e-02   4.310407e+02   0.000000e+00   0.000000e+00
   6.005558e-02   4.164054e+02   0.000000e+00   0.000000e+00
   6.000399e-02   4.198215e+02   0.000000e+00   0.000000e+00
   6.007423e-02   4.601865e+02   0.000000e+00   0.000000e+00
   6.000567e-02   4.625937e+02   0.000000e+00   0.000000e+00
   6.000583e-02   4.445730e+02   0.000000e+00   0.000000e+00
   6.004496e-02   4.372183e+02   0.000000e+00   0.000000e+00
   6.000703e-02   4.196163e+02   0.000000e+00   0.000000e+00
   6.007397e-02   4.239513e+02   0.000000e+00   0.000000e+00
   6.003566e-02   4.418192e+02   0.000000e+00   0.000000e+00
   6.001267e-02   4.004112e+02   0.000000e+00   0.000000e+00
   5.997849e-02   4.078251e+02   0.000000e+00   0.000000e+00
   6.001647e-02   4.322126e+02   0.000000e+00   0.000000e+00
   6.002961e-02   4.263710e+02   0.000000e+00   0.000000e+00
   5.999739e-02   4.235175e+02   0.000000e+00   0.000000e+00
   6.002115e-02   4.206747e+02   0.000000e+00   0.000000e+00
   6.006836e-02   4.330202e+02   0.000000e+00   0.000000e+00
   5.999554e-02   3.845554e+02   0.000000e+00   0.000000e+00
   5.998162e-02   3.506620e+02   0.000000e+00   0.000000e+00
